{
  "RSpec": {
    "coverage": {
      "/app/spec/adapters/vat_validator_adapter_spec.rb": [
        null,
        null,
        1,
        null,
        1,
        4,
        null,
        4,
        null,
        1,
        1,
        2,
        2,
        null,
        1,
        1,
        null,
        null,
        null,
        1,
        2,
        2,
        null,
        1,
        1,
        null,
        null,
        null,
        1,
        1,
        1,
        null,
        null,
        1,
        null,
        null,
        null,
        2,
        2,
        null,
        1,
        2,
        null,
        null,
        null,
        null
      ],
      "/app/spec/rails_helper.rb": [
        null,
        1,
        1,
        null,
        1,
        null,
        null,
        1,
        1,
        1,
        null,
        1,
        1,
        1,
        1,
        null,
        null,
        null,
        null,
        null,
        null,
        null,
        null,
        null,
        null,
        null,
        null,
        null,
        null,
        null,
        null,
        null,
        null,
        1,
        null,
        null,
        null,
        null,
        null,
        null,
        null,
        null,
        null,
        null,
        null,
        null,
        null,
        1,
        null,
        null,
        1,
        null,
        null,
        null
      ],
      "/app/config/environment.rb": [
        null,
        null,
        null,
        1,
        null,
        null,
        1
      ],
      "/app/config/application.rb": [
        null,
        null,
        1,
        null,
        1,
        null,
        1,
        1,
        null,
        null,
        1,
        1,
        null,
        null,
        1,
        1,
        null,
        null,
        1,
        null,
        null,
        null,
        1,
        null,
        1,
        1,
        null,
        1,
        null,
        null,
        null,
        null,
        null,
        null,
        null,
        null,
        null,
        1,
        null,
        1,
        1,
        null,
        null,
        null
      ],
      "/app/config/boot.rb": [
        null,
        null,
        1,
        null,
        1,
        1
      ],
      "/app/config/environments/test.rb": [
        null,
        null,
        null,
        null,
        null,
        null,
        null,
        1,
        null,
        null,
        1,
        null,
        null,
        null,
        null,
        1,
        null,
        null,
        1,
        1,
        null,
        null,
        null,
        null,
        1,
        1,
        1,
        null,
        null,
        1,
        null,
        null,
        1,
        null,
        1,
        null,
        null,
        null,
        null,
        1,
        null,
        null,
        1,
        null,
        null,
        null,
        null
      ],
      "/app/config/initializers/application_controller_renderer.rb": [
        null,
        null,
        null,
        null,
        null,
        null,
        null,
        null,
        null
      ],
      "/app/config/initializers/backtrace_silencers.rb": [
        null,
        null,
        null,
        null,
        null,
        null,
        null,
        null
      ],
      "/app/config/initializers/cors.rb": [
        null,
        null,
        null,
        null,
        null,
        null,
        null,
        null,
        null,
        null,
        null,
        null,
        null,
        null,
        null,
        null,
        null
      ],
      "/app/config/initializers/filter_parameter_logging.rb": [
        null,
        null,
        null,
        null,
        null,
        1
      ],
      "/app/config/initializers/inflections.rb": [
        null,
        null,
        null,
        null,
        null,
        null,
        null,
        null,
        null,
        null,
        null,
        null,
        null,
        null,
        null,
        null,
        null
      ],
      "/app/config/initializers/mime_types.rb": [
        null,
        null,
        null,
        null,
        null
      ],
      "/app/config/initializers/wrap_parameters.rb": [
        null,
        null,
        null,
        null,
        null,
        null,
        null,
        null,
        1,
        2,
        null
      ],
      "/app/config/routes.rb": [
        null,
        null,
        1,
        null,
        1,
        1,
        1,
        1,
        null,
        null
      ],
      "/app/app/adapters/vat_validator_adapter.rb": [
        null,
        null,
        1,
        1,
        1,
        null,
        1,
        1,
        5,
        5,
        null,
        5,
        null,
        1,
        null,
        null,
        1,
        null,
        1,
        null,
        1,
        5,
        null,
        null,
        1,
        4,
        null,
        4,
        null,
        null,
        null
      ],
      "/app/spec/controllers/exchanges_controller_spec.rb": [
        null,
        null,
        1,
        null,
        1,
        1,
        1,
        1,
        1,
        1,
        null,
        null,
        null,
        1,
        2,
        1,
        1,
        1,
        null,
        null,
        null,
        1,
        2,
        1,
        1,
        null,
        null,
        1,
        1,
        1,
        1,
        null,
        null,
        null,
        null
      ],
      "/app/app/controllers/exchanges_controller.rb": [
        null,
        null,
        1,
        1,
        3,
        null,
        2,
        2,
        null,
        null,
        1,
        null,
        1,
        null,
        null,
        1,
        null,
        1,
        3,
        null,
        null,
        1,
        1,
        null,
        null,
        1,
        null,
        2,
        null,
        null,
        null,
        null,
        null,
        1,
        2,
        null,
        null
      ],
      "/app/app/controllers/application_controller.rb": [
        null,
        null,
        1,
        null
      ],
      "/app/spec/controllers/information_controller_spec.rb": [
        null,
        null,
        1,
        null,
        1,
        1,
        1,
        1,
        1,
        1,
        null,
        null,
        null,
        null
      ],
      "/app/app/controllers/information_controller.rb": [
        null,
        null,
        1,
        1,
        1,
        null,
        null
      ],
      "/app/spec/controllers/validators_controller_spec.rb": [
        null,
        null,
        1,
        null,
        1,
        1,
        1,
        1,
        1,
        1,
        null,
        null,
        null,
        1,
        1,
        1,
        null,
        1,
        1,
        null,
        null,
        null,
        1,
        1,
        1,
        1,
        1,
        null,
        null,
        null,
        null
      ],
      "/app/app/controllers/validators_controller.rb": [
        null,
        null,
        1,
        1,
        3,
        null,
        2,
        2,
        null,
        null,
        2,
        null,
        0,
        null,
        null,
        1,
        null,
        1,
        3,
        null,
        null,
        1,
        1,
        null,
        null,
        1,
        2,
        null,
        null,
        1,
        2,
        null,
        null
      ],
      "/app/spec/services/exchange_service_spec.rb": [
        null,
        null,
        1,
        null,
        1,
        3,
        1,
        1,
        null,
        2,
        null,
        null,
        null,
        null,
        1,
        2,
        null,
        1,
        1,
        null,
        null,
        null,
        1,
        1,
        1,
        null,
        null,
        1,
        2,
        null,
        null,
        null,
        null
      ],
      "/app/app/services/exchange_service.rb": [
        null,
        null,
        1,
        1,
        4,
        4,
        4,
        null,
        null,
        1,
        4,
        null,
        null,
        null,
        null,
        2,
        null,
        null,
        1,
        null,
        1,
        null
      ],
      "/app/app/adapters/daily_quote_adapter.rb": [
        null,
        null,
        1,
        1,
        1,
        null,
        1,
        null,
        1,
        1,
        4,
        2,
        null,
        2,
        null,
        2,
        null,
        null,
        1,
        null,
        1,
        4,
        null,
        null,
        null
      ]
    },
    "timestamp": 1578149980
  }
}
